[2019-01-23 12:01:47,706] INFO [Controller 0]: Shutting down broker 0 (kafka.controller.KafkaController)
[2019-01-23 12:01:47,709] DEBUG [Controller 0]: All shutting down brokers: 0 (kafka.controller.KafkaController)
[2019-01-23 12:01:47,710] DEBUG [Controller 0]: Live brokers:  (kafka.controller.KafkaController)
[2019-01-23 12:01:47,714] TRACE [Controller 0]: All leaders =  (kafka.controller.KafkaController)
[2019-01-23 12:01:50,022] INFO [controller-event-thread]: Shutting down (kafka.controller.ControllerEventManager$ControllerEventThread)
[2019-01-23 12:01:50,023] INFO [controller-event-thread]: Stopped (kafka.controller.ControllerEventManager$ControllerEventThread)
[2019-01-23 12:01:50,023] INFO [controller-event-thread]: Shutdown completed (kafka.controller.ControllerEventManager$ControllerEventThread)
[2019-01-23 12:01:50,024] DEBUG [Controller 0]: Controller resigning, broker id 0 (kafka.controller.KafkaController)
[2019-01-23 12:01:50,024] DEBUG [Controller 0]: De-registering IsrChangeNotificationListener (kafka.controller.KafkaController)
[2019-01-23 12:01:50,026] INFO [Partition state machine on Controller 0]: Stopped partition state machine (kafka.controller.PartitionStateMachine)
[2019-01-23 12:01:50,028] INFO [Replica state machine on controller 0]: Stopped replica state machine (kafka.controller.ReplicaStateMachine)
[2019-01-23 12:01:50,029] INFO [Controller-0-to-broker-0-send-thread]: Shutting down (kafka.controller.RequestSendThread)
[2019-01-23 12:01:50,029] INFO [Controller-0-to-broker-0-send-thread]: Stopped (kafka.controller.RequestSendThread)
[2019-01-23 12:01:50,029] INFO [Controller-0-to-broker-0-send-thread]: Shutdown completed (kafka.controller.RequestSendThread)
[2019-01-23 12:01:50,041] INFO [Controller 0]: Broker 0 resigned as the controller (kafka.controller.KafkaController)
[2019-01-23 12:04:28,691] INFO [controller-event-thread]: Starting (kafka.controller.ControllerEventManager$ControllerEventThread)
[2019-01-23 12:04:28,756] INFO [Controller 0]: 0 successfully elected as the controller (kafka.controller.KafkaController)
[2019-01-23 12:04:28,757] INFO [Controller 0]: Broker 0 starting become controller state transition (kafka.controller.KafkaController)
[2019-01-23 12:04:28,765] INFO [Controller 0]: Initialized controller epoch to 3 and zk version 2 (kafka.controller.KafkaController)
[2019-01-23 12:04:28,778] INFO [Controller 0]: Controller 0 incremented epoch to 4 (kafka.controller.KafkaController)
[2019-01-23 12:04:28,782] DEBUG [Controller 0]: Registering IsrChangeNotificationListener (kafka.controller.KafkaController)
[2019-01-23 12:04:28,855] INFO [Controller 0]: Partitions being reassigned: Map() (kafka.controller.KafkaController)
[2019-01-23 12:04:28,856] INFO [Controller 0]: Partitions already reassigned: Set() (kafka.controller.KafkaController)
[2019-01-23 12:04:28,859] INFO [Controller 0]: Resuming reassignment of partitions: Map() (kafka.controller.KafkaController)
[2019-01-23 12:04:28,862] INFO [Controller 0]: Currently active brokers in the cluster: Set() (kafka.controller.KafkaController)
[2019-01-23 12:04:28,863] INFO [Controller 0]: Currently shutting brokers in the cluster: Set() (kafka.controller.KafkaController)
[2019-01-23 12:04:28,864] INFO [Controller 0]: Current list of topics in the cluster: Set() (kafka.controller.KafkaController)
[2019-01-23 12:04:28,880] INFO [Controller 0]: List of topics to be deleted:  (kafka.controller.KafkaController)
[2019-01-23 12:04:28,884] INFO [Controller 0]: List of topics ineligible for deletion:  (kafka.controller.KafkaController)
[2019-01-23 12:04:28,930] INFO [Replica state machine on controller 0]: Started replica state machine with initial state -> Map() (kafka.controller.ReplicaStateMachine)
[2019-01-23 12:04:28,934] INFO [Partition state machine on Controller 0]: Started partition state machine with initial state -> Map() (kafka.controller.PartitionStateMachine)
[2019-01-23 12:04:28,936] INFO [Controller 0]: Broker 0 is ready to serve as the new controller with epoch 4 (kafka.controller.KafkaController)
[2019-01-23 12:04:28,940] INFO [Controller 0]: Partitions undergoing preferred replica election:  (kafka.controller.KafkaController)
[2019-01-23 12:04:28,941] INFO [Controller 0]: Partitions that completed preferred replica election:  (kafka.controller.KafkaController)
[2019-01-23 12:04:28,942] INFO [Controller 0]: Skipping preferred replica election for partitions due to topic deletion:  (kafka.controller.KafkaController)
[2019-01-23 12:04:28,943] INFO [Controller 0]: Resuming preferred replica election for partitions:  (kafka.controller.KafkaController)
[2019-01-23 12:04:28,944] INFO [Controller 0]: Starting preferred replica leader election for partitions  (kafka.controller.KafkaController)
[2019-01-23 12:04:28,947] INFO [Partition state machine on Controller 0]: Invoking state change to OnlinePartition for partitions  (kafka.controller.PartitionStateMachine)
[2019-01-23 12:04:28,957] INFO [Controller 0]: starting the controller scheduler (kafka.controller.KafkaController)
[2019-01-23 12:04:29,051] INFO [Controller 0]: Newly added brokers: 0, deleted brokers: , all live brokers: 0 (kafka.controller.KafkaController)
[2019-01-23 12:04:29,052] DEBUG [Channel manager on controller 0]: Controller 0 trying to connect to broker 0 (kafka.controller.ControllerChannelManager)
[2019-01-23 12:04:29,058] INFO [Controller-0-to-broker-0-send-thread]: Starting (kafka.controller.RequestSendThread)
[2019-01-23 12:04:29,059] INFO [Controller 0]: New broker startup callback for 0 (kafka.controller.KafkaController)
[2019-01-23 12:04:29,071] INFO [Controller-0-to-broker-0-send-thread]: Controller 0 connected to knoldus-Vostro-3550:9092 (id: 0 rack: null) for sending state change requests (kafka.controller.RequestSendThread)
[2019-01-23 12:04:33,961] TRACE [Controller 0]: Checking need to trigger auto leader balancing (kafka.controller.KafkaController)
[2019-01-23 12:04:33,970] DEBUG [Controller 0]: Preferred replicas by broker Map() (kafka.controller.KafkaController)
[2019-01-23 12:09:14,913] INFO [Controller 0]: Shutting down broker 0 (kafka.controller.KafkaController)
[2019-01-23 12:09:14,913] DEBUG [Controller 0]: All shutting down brokers: 0 (kafka.controller.KafkaController)
[2019-01-23 12:09:14,914] DEBUG [Controller 0]: Live brokers:  (kafka.controller.KafkaController)
[2019-01-23 12:09:14,916] TRACE [Controller 0]: All leaders =  (kafka.controller.KafkaController)
[2019-01-23 12:09:17,646] INFO [controller-event-thread]: Shutting down (kafka.controller.ControllerEventManager$ControllerEventThread)
[2019-01-23 12:09:17,647] INFO [controller-event-thread]: Stopped (kafka.controller.ControllerEventManager$ControllerEventThread)
[2019-01-23 12:09:17,647] INFO [controller-event-thread]: Shutdown completed (kafka.controller.ControllerEventManager$ControllerEventThread)
[2019-01-23 12:09:17,647] DEBUG [Controller 0]: Controller resigning, broker id 0 (kafka.controller.KafkaController)
[2019-01-23 12:09:17,648] DEBUG [Controller 0]: De-registering IsrChangeNotificationListener (kafka.controller.KafkaController)
[2019-01-23 12:09:17,651] INFO [Partition state machine on Controller 0]: Stopped partition state machine (kafka.controller.PartitionStateMachine)
[2019-01-23 12:09:17,652] INFO [Replica state machine on controller 0]: Stopped replica state machine (kafka.controller.ReplicaStateMachine)
[2019-01-23 12:09:17,653] INFO [Controller-0-to-broker-0-send-thread]: Shutting down (kafka.controller.RequestSendThread)
[2019-01-23 12:09:17,653] INFO [Controller-0-to-broker-0-send-thread]: Stopped (kafka.controller.RequestSendThread)
[2019-01-23 12:09:17,653] INFO [Controller-0-to-broker-0-send-thread]: Shutdown completed (kafka.controller.RequestSendThread)
[2019-01-23 12:09:17,656] INFO [Controller 0]: Broker 0 resigned as the controller (kafka.controller.KafkaController)
